0 info it worked if it ends with ok
1 verbose cli [ 'E:\\node\\node.exe',
1 verbose cli   'E:\\node\\node_modules\\npm\\bin\\npm-cli.js',
1 verbose cli   'run',
1 verbose cli   'dev' ]
2 info using npm@3.10.10
3 info using node@v6.11.3
4 verbose run-script [ 'predev', 'dev', 'postdev' ]
5 info lifecycle manage-system@2.1.0~predev: manage-system@2.1.0
6 silly lifecycle manage-system@2.1.0~predev: no script for predev, continuing
7 info lifecycle manage-system@2.1.0~dev: manage-system@2.1.0
8 verbose lifecycle manage-system@2.1.0~dev: unsafe-perm in lifecycle true
9 verbose lifecycle manage-system@2.1.0~dev: PATH: E:\node\node_modules\npm\bin\node-gyp-bin;E:\vue\admin\node_modules\.bin;C:\ProgramData\Oracle\Java\javapath;C:\WINDOWS\system32;C:\WINDOWS;C:\WINDOWS\System32\Wbem;C:\WINDOWS\System32\WindowsPowerShell\v1.0\;E:\node\;C:\Program Files\Git\cmd;D:\scss\Ruby25-x64\bin;C:\Users\Administrator\AppData\Local\Microsoft\WindowsApps;C:\Users\Administrator\AppData\Roaming\npm;C:\Users\Administrator\AppData\Local\GitHubDesktop\bin;C:\Users\Administrator\AppData\Local\Atlassian\SourceTree\git_local\mingw32\bin;D:\heroku-cli\Heroku\bin;C:\Users\Administrator\AppData\Local\Programs\Fiddler
10 verbose lifecycle manage-system@2.1.0~dev: CWD: E:\vue\admin
11 silly lifecycle manage-system@2.1.0~dev: Args: [ '/d /s /c', 'node build/dev-server.js' ]
12 silly lifecycle manage-system@2.1.0~dev: Returned: code: 3221225786  signal: null
13 info lifecycle manage-system@2.1.0~dev: Failed to exec dev script
14 verbose stack Error: manage-system@2.1.0 dev: `node build/dev-server.js`
14 verbose stack Exit status 3221225786
14 verbose stack     at EventEmitter.<anonymous> (E:\node\node_modules\npm\lib\utils\lifecycle.js:255:16)
14 verbose stack     at emitTwo (events.js:106:13)
14 verbose stack     at EventEmitter.emit (events.js:191:7)
14 verbose stack     at ChildProcess.<anonymous> (E:\node\node_modules\npm\lib\utils\spawn.js:40:14)
14 verbose stack     at emitTwo (events.js:106:13)
14 verbose stack     at ChildProcess.emit (events.js:191:7)
14 verbose stack     at maybeClose (internal/child_process.js:920:16)
14 verbose stack     at Process.ChildProcess._handle.onexit (internal/child_process.js:230:5)
15 verbose pkgid manage-system@2.1.0
16 verbose cwd E:\vue\admin
17 error Windows_NT 10.0.16299
18 error argv "E:\\node\\node.exe" "E:\\node\\node_modules\\npm\\bin\\npm-cli.js" "run" "dev"
19 error node v6.11.3
20 error npm  v3.10.10
21 error code ELIFECYCLE
22 error manage-system@2.1.0 dev: `node build/dev-server.js`
22 error Exit status 3221225786
23 error Failed at the manage-system@2.1.0 dev script 'node build/dev-server.js'.
23 error Make sure you have the latest version of node.js and npm installed.
23 error If you do, this is most likely a problem with the manage-system package,
23 error not with npm itself.
23 error Tell the author that this fails on your system:
23 error     node build/dev-server.js
23 error You can get information on how to open an issue for this project with:
23 error     npm bugs manage-system
23 error Or if that isn't available, you can get their info via:
23 error     npm owner ls manage-system
23 error There is likely additional logging output above.
24 verbose exit [ 1, true ]
